<?xml version="1.0" encoding="UTF-8"?>
<!-- Generated by org.testng.reporters.JUnitXMLReporter -->
<testsuite ignored="0" hostname="DESKTOP-QND783A" failures="0" tests="2" name="Default test" time="7.077" errors="0" timestamp="2025-12-03T18:32:35 IST">
  <testcase classname="com.qa.api.schema.test.GoRestUserApiSchemaTest" name="createuserScheme" time="4.602"/>
  <testcase classname="com.qa.api.schema.test.GoRestUserApiSchemaTest" name="getuserScheme" time="0.857"/>
</testsuite> <!-- Default test -->
