<?xml version="1.0" encoding="UTF-8"?>
<testng-results ignored="0" total="2" passed="2" failed="0" skipped="0">
  <reporter-output>
  </reporter-output>
  <suite started-at="2025-12-03T18:32:27 IST" name="Default suite" finished-at="2025-12-03T18:32:35 IST" duration-ms="7077">
    <groups>
    </groups>
    <test started-at="2025-12-03T18:32:27 IST" name="Default test" finished-at="2025-12-03T18:32:35 IST" duration-ms="7077">
      <class name="com.qa.api.schema.test.GoRestUserApiSchemaTest">
        <test-method is-config="true" signature="setup()[pri:0, instance:com.qa.api.schema.test.GoRestUserApiSchemaTest@1cf6d1be]" started-at="2025-12-03T18:32:27 IST" name="setup" finished-at="2025-12-03T18:32:29 IST" duration-ms="1513" status="PASS">
          <reporter-output>
          </reporter-output>
        </test-method> <!-- setup -->
        <test-method signature="createuserScheme()[pri:0, instance:com.qa.api.schema.test.GoRestUserApiSchemaTest@1cf6d1be]" started-at="2025-12-03T18:32:29 IST" name="createuserScheme" finished-at="2025-12-03T18:32:34 IST" duration-ms="4602" status="PASS">
          <reporter-output>
          </reporter-output>
        </test-method> <!-- createuserScheme -->
        <test-method signature="getuserScheme()[pri:0, instance:com.qa.api.schema.test.GoRestUserApiSchemaTest@1cf6d1be]" started-at="2025-12-03T18:32:34 IST" name="getuserScheme" finished-at="2025-12-03T18:32:34 IST" duration-ms="857" status="PASS">
          <reporter-output>
          </reporter-output>
        </test-method> <!-- getuserScheme -->
      </class> <!-- com.qa.api.schema.test.GoRestUserApiSchemaTest -->
    </test> <!-- Default test -->
  </suite> <!-- Default suite -->
</testng-results>
