<?xml version="1.0" encoding="UTF-8"?>
<!-- Generated by org.testng.reporters.JUnitReportReporter -->
<testsuite hostname="DESKTOP-QND783A" failures="0" tests="2" name="com.qa.api.schema.test.GoRestUserApiSchemaTest" time="5.459" errors="0" timestamp="2025-12-03T18:32:35 IST" skipped="0">
  <testcase classname="com.qa.api.schema.test.GoRestUserApiSchemaTest" name="createuserScheme" time="4.602"/>
  <testcase classname="com.qa.api.schema.test.GoRestUserApiSchemaTest" name="getuserScheme" time="0.857"/>
</testsuite> <!-- com.qa.api.schema.test.GoRestUserApiSchemaTest -->
